<?xml version="1.0" encoding="UTF-8"?>
<testsuite xmlns:xsi="http://www.w3.org/2001/XMLSchema-instance" xsi:noNamespaceSchemaLocation="https://maven.apache.org/surefire/maven-surefire-plugin/xsd/surefire-test-report-3.0.xsd" version="3.0" name="com.example.superheroservice.SuperheroServiceApplicationTests" time="2.278" tests="1" errors="0" skipped="0" failures="0">
  <properties>
[...]
</properties>
  <testcase name="contextLoads" classname="com.example.superheroservice.SuperheroServiceApplicationTests" time="0.101">
    <system-out><![CDATA[11:48:30.175 [main] INFO org.springframework.test.context.support.AnnotationConfigContextLoaderUtils -- Could not detect default configuration classes for test class [com.example.superheroservice.SuperheroServiceApplicationTests]: SuperheroServiceApplicationTests does not declare any static, non-private, non-final, nested classes annotated with @Configuration.
11:48:30.237 [main] INFO org.springframework.boot.test.context.SpringBootTestContextBootstrapper -- Found @SpringBootConfiguration com.example.superheroservice.SuperheroServiceApplication for test class com.example.superheroservice.SuperheroServiceApplicationTests

  .   ____          _            __ _ _
 /\\ / ___'_ __ _ _(_)_ __  __ _ \ \ \ \
( ( )\___ | '_ | '_| | '_ \/ _` | \ \ \ \
 \\/  ___)| |_)| | | | | || (_| |  ) ) ) )
  '  |____| .__|_| |_|_| |_\__, | / / / /
 =========|_|==============|___/=/_/_/_/
 :: Spring Boot ::                (v3.1.2)

2023-08-10T11:48:30.529+03:00  WARN 7171 --- [           main] ory$DuplicateJsonObjectContextCustomizer : 

Found multiple occurrences of org.json.JSONObject on the class path:

	jar:file:/home/eslam/.m2/repository/org/json/json/20230618/json-20230618.jar!/org/json/JSONObject.class
	jar:file:/home/eslam/.m2/repository/com/vaadin/external/google/android-json/0.0.20131108.vaadin1/android-json-0.0.20131108.vaadin1.jar!/org/json/JSONObject.class

You may wish to exclude one of them to ensure predictable runtime behavior

2023-08-10T11:48:30.540+03:00  INFO 7171 --- [           main] c.e.s.SuperheroServiceApplicationTests   : Starting SuperheroServiceApplicationTests using Java 17.0.8 with PID 7171 (started by eslam in /home/work/new_test/superhero-service)
2023-08-10T11:48:30.541+03:00  INFO 7171 --- [           main] c.e.s.SuperheroServiceApplicationTests   : No active profile set, falling back to 1 default profile: "default"
2023-08-10T11:48:31.064+03:00  INFO 7171 --- [           main] .s.d.r.c.RepositoryConfigurationDelegate : Bootstrapping Spring Data MongoDB repositories in DEFAULT mode.
2023-08-10T11:48:31.098+03:00  INFO 7171 --- [           main] .s.d.r.c.RepositoryConfigurationDelegate : Finished Spring Data repository scanning in 29 ms. Found 1 MongoDB repository interfaces.
2023-08-10T11:48:31.468+03:00  INFO 7171 --- [           main] org.mongodb.driver.client                : MongoClient with metadata {"driver": {"name": "mongo-java-driver|sync|spring-boot", "version": "4.9.1"}, "os": {"type": "Linux", "name": "Linux", "architecture": "amd64", "version": "6.2.0-26-generic"}, "platform": "Java/Private Build/17.0.8+7-Ubuntu-122.04"} created with settings MongoClientSettings{readPreference=primary, writeConcern=WriteConcern{w=null, wTimeout=null ms, journal=null}, retryWrites=true, retryReads=true, readConcern=ReadConcern{level=null}, credential=MongoCredential{mechanism=null, userName='acwa', source='admin', password=<hidden>, mechanismProperties=<hidden>}, streamFactoryFactory=null, commandListeners=[], codecRegistry=ProvidersCodecRegistry{codecProviders=[ValueCodecProvider{}, BsonValueCodecProvider{}, DBRefCodecProvider{}, DBObjectCodecProvider{}, DocumentCodecProvider{}, CollectionCodecProvider{}, IterableCodecProvider{}, MapCodecProvider{}, GeoJsonCodecProvider{}, GridFSFileCodecProvider{}, Jsr310CodecProvider{}, JsonObjectCodecProvider{}, BsonCodecProvider{}, EnumCodecProvider{}, com.mongodb.client.model.mql.ExpressionCodecProvider@d5bb1c4, com.mongodb.Jep395RecordCodecProvider@7ed3df3b]}, loggerSettings=LoggerSettings{maxDocumentLength=1000}, clusterSettings={hosts=[127.0.0.1:27017], srvHost=cluster0.k546m3d.mongodb.net, srvServiceName=mongodb, mode=MULTIPLE, requiredClusterType=REPLICA_SET, requiredReplicaSetName='atlas-mnl3g5-shard-0', serverSelector='null', clusterListeners='[]', serverSelectionTimeout='30000 ms', localThreshold='30000 ms'}, socketSettings=SocketSettings{connectTimeoutMS=10000, readTimeoutMS=0, receiveBufferSize=0, sendBufferSize=0}, heartbeatSocketSettings=SocketSettings{connectTimeoutMS=10000, readTimeoutMS=10000, receiveBufferSize=0, sendBufferSize=0}, connectionPoolSettings=ConnectionPoolSettings{maxSize=100, minSize=0, maxWaitTimeMS=120000, maxConnectionLifeTimeMS=0, maxConnectionIdleTimeMS=0, maintenanceInitialDelayMS=0, maintenanceFrequencyMS=60000, connectionPoolListeners=[], maxConnecting=2}, serverSettings=ServerSettings{heartbeatFrequencyMS=10000, minHeartbeatFrequencyMS=500, serverListeners='[]', serverMonitorListeners='[]'}, sslSettings=SslSettings{enabled=true, invalidHostNameAllowed=false, context=null}, applicationName='null', compressorList=[], uuidRepresentation=JAVA_LEGACY, serverApi=null, autoEncryptionSettings=null, contextProvider=null}
2023-08-10T11:48:31.517+03:00  INFO 7171 --- [m3d.mongodb.net] org.mongodb.driver.cluster               : Adding discovered server ac-apfs9ip-shard-00-00.k546m3d.mongodb.net:27017 to client view of cluster
2023-08-10T11:48:31.536+03:00  INFO 7171 --- [m3d.mongodb.net] org.mongodb.driver.cluster               : Adding discovered server ac-apfs9ip-shard-00-01.k546m3d.mongodb.net:27017 to client view of cluster
2023-08-10T11:48:31.537+03:00  INFO 7171 --- [m3d.mongodb.net] org.mongodb.driver.cluster               : Adding discovered server ac-apfs9ip-shard-00-02.k546m3d.mongodb.net:27017 to client view of cluster
2023-08-10T11:48:32.240+03:00  INFO 7171 --- [           main] c.e.s.SuperheroServiceApplicationTests   : Started SuperheroServiceApplicationTests in 1.899 seconds (process running for 2.532)
]]></system-out>
  </testcase>
</testsuite>